0 info it worked if it ends with ok
1 verbose cli [ 'node', '/usr/local/bin/npm', 'publish' ]
2 info using npm@2.1.1
3 info using node@v0.10.26
4 verbose publish [ '.' ]
5 verbose cache add [ '.', null ]
6 verbose cache add spec="." args=[".",null]
7 verbose parsed spec { raw: '.',
7 verbose parsed spec   scope: null,
7 verbose parsed spec   name: null,
7 verbose parsed spec   rawSpec: '.',
7 verbose parsed spec   spec: '/Users/jasongornall/Desktop/JasonExperiments/stylushelper',
7 verbose parsed spec   type: 'local' }
8 verbose cache add local package /Users/jasongornall/Desktop/JasonExperiments/stylushelper
9 verbose tar pack [ '/Users/jasongornall/.npm/styler/1.0.0/package.tgz', '.' ]
10 verbose tarball /Users/jasongornall/.npm/styler/1.0.0/package.tgz
11 verbose folder .
12 info prepublish styler@1.0.0
13 silly publish { author: { name: 'Jason Gornall', email: 'gornall.jason@gmail.com' },
13 silly publish   bin: { dobi: './bin/dobi.js' },
13 silly publish   bugs:
13 silly publish    { url: 'https://github.com/lessthan3/dobi/issues',
13 silly publish      email: 'bryant@lessthan3.com' },
13 silly publish   dependencies: { async: '0.9.x', 'coffee-script': '1.7.x' },
13 silly publish   description: 'Stylus tools to help with development',
13 silly publish   directories: { lib: './lib', bin: './bin' },
13 silly publish   homepage: 'http://www.dobi.io',
13 silly publish   keywords: [ 'dobi.io,lessthan3' ],
13 silly publish   name: 'styler',
13 silly publish   preferGlobal: true,
13 silly publish   repository: { type: 'git', url: 'git://github.com/lessthan3/dobi.git' },
13 silly publish   version: '1.0.0',
13 silly publish   readme: 'ERROR: No README data found!',
13 silly publish   readmeFilename: 'README.md',
13 silly publish   gitHead: '590f25a784e8cccff9966c042fb21c0c7a938806',
13 silly publish   _id: 'styler@1.0.0',
13 silly publish   scripts: {},
13 silly publish   _shasum: '648d0a2488cf4d1e1b609361e406bcc67770f61a',
13 silly publish   _from: '.' }
14 verbose mapToRegistry name styler
15 verbose mapToRegistry uri https://registry.npmjs.org/styler
16 verbose publish registryBase https://registry.npmjs.org/
17 verbose request on initialization, where is /styler
18 verbose request after pass 1, where is /styler
19 verbose request url raw /styler
20 verbose request resolving registry [ 'https://registry.npmjs.org/', './styler' ]
21 verbose request after pass 2, where is https://registry.npmjs.org/styler
22 verbose request sending authorization for write operation
23 info attempt registry request try #1 at 23:41:53
24 verbose request id 4726ab761f779337
25 http request PUT https://registry.npmjs.org/styler
26 http 403 https://registry.npmjs.org/styler
27 verbose headers { date: 'Mon, 06 Oct 2014 03:41:52 GMT',
27 verbose headers   server: 'CouchDB/1.5.0 (Erlang OTP/R16B03)',
27 verbose headers   'content-type': 'application/json',
27 verbose headers   'cache-control': 'max-age=60',
27 verbose headers   'content-length': '3867',
27 verbose headers   'accept-ranges': 'bytes',
27 verbose headers   via: '1.1 varnish',
27 verbose headers   'x-served-by': 'cache-atl6235-ATL',
27 verbose headers   'x-cache': 'MISS',
27 verbose headers   'x-cache-hits': '0',
27 verbose headers   'x-timer': 'S1412566912.521057,VS0,VE278',
27 verbose headers   'keep-alive': 'timeout=10, max=50',
27 verbose headers   connection: 'Keep-Alive' }
28 error publish Failed PUT 403
29 verbose stack Error: forbidden user: jasongornall not authorized to modify styler
29 verbose stack Changed: description "CSS/Stylus live editor" -> "Stylus tools to help with development"
29 verbose stack Changed: dist-tags.latest "0.0.14" -> "1.0.0"
29 verbose stack Added: versions.1.0.0
29 verbose stack Changed: readme "Web based tool for rapid stylesheet development with live preview and debug information.\u000a\u000a\u000a![Styler screenshot](https://dl.dropbox.com/u/25033309/styler_screenshot.png \"Styler screenshot\")\u000a\u000a\u000aIntroduction video from LxJS: <http://www.youtube.com/watch?v=2VSU4gjxYpU>\u000a\u000a\u000a### Installation\u000a\u000a```\u000a[sudo] npm install -g styler\u000astyler --help\u000astyler\u000a```\u000a\u000a### Getting started\u000a\u000aOnce you have Styler running you need to connect your own webpage to it. Follow the directions on the Styler frontpage to do that.\u000a\u000aIf your connecting to the site for the first time you need to make a new project for it.\u000a\u000a**Base URL**\u000a\u000aDefines what pages are part of the project. You would usually want to set it to the domain name you are using so that all the subpages also work.\u000a\u000a**Source locations**\u000a\u000aMappings between the URLs you page is using and the folders from your hard drive containing the source files. You have to make sure they are in the right level. For example if your URL is `http://mydomain.com/css/` it matches the path `/path/to/my/app/public_dir/css` and if the URL is just `http://mydomain.com/` it means matching path is `/path/to/my/app/public_dir`.\u000a\u000aAll paths are automatically validated. If you see green checkmarks you have probably found the correct folder.\u000a\u000aIf you want Styler to automatically create source files based on the stylesheets it sees on the page set the Source folder to an empty directory.\u000a\u000a### Tutorials\u000a\u000a[Live preview in iOS/Android](https://github.com/tonistiigi/styler/issues/13)\u000a\u000aMore tutorials and a list of features are on the way. If you get into trouble start a new issue.\u000a\u000a\u000a### Command line options\u000a\u000a**allowed** - For security reasons by default Styler only allows local connections. If you want to allow other computers to connect(either as clients or controllers) you must list their IPs(or wildcards) in here.\u000a\u000a**root** - Styler can't access files outside this directory. Defaults to `/` or primary hard drive on Windows.\u000a\u000a**port** - Server port. Defaults to `5100`.\u000a\u000a**log** - One of debug, info, notice, warning, error. Defaults to `info`.\u000a\u000a**nologfile** - Switches off writing debug log files. These logs will be never sent but they may be useful if you want to report (crashing) bugs.\u000a\u000a**reset** - Clear all previous projects info and configuration.\u000a\u000a**pfx** - Directory where the configuration is saved/loaded. Defaults to your user directory.\u000a\u000a\u000a### Building from source:\u000a\u000a```\u000agit clone https://github.com/tonistiigi/styler.git styler\u000acd styler\u000agit submodule update --init --recursive\u000anpm install\u000alib/backend/styler --help\u000alib/backend/styler\u000a```\u000a\u000a" -> "ERROR: No README data found!"
29 verbose stack Changed: time.modified "2014-03-24T13:58:31.155Z" -> "2014-10-06T03:42:17.410Z"
29 verbose stack Added: time.1.0.0
29 verbose stack Changed: author.name "Tõnis Tiigi" -> "Jason Gornall"
29 verbose stack Added: author.email
29 verbose stack Changed: repository.url "https://github.com/tonistiigi/styler.git" -> "git://github.com/lessthan3/dobi.git"
29 verbose stack Changed: homepage "https://github.com/tonistiigi/styler" -> "http://www.dobi.io"
29 verbose stack Changed: bugs.url "https://github.com/tonistiigi/styler/issues" -> "https://github.com/lessthan3/dobi/issues"
29 verbose stack Added: bugs.email
29 verbose stack Added: keywords
29 verbose stack Added: _attachments: styler
29 verbose stack     at RegClient.<anonymous> (/usr/local/lib/node_modules/npm/node_modules/npm-registry-client/lib/request.js:260:14)
29 verbose stack     at Request._callback (/usr/local/lib/node_modules/npm/node_modules/npm-registry-client/lib/request.js:197:65)
29 verbose stack     at Request.self.callback (/usr/local/lib/node_modules/npm/node_modules/request/request.js:237:22)
29 verbose stack     at Request.EventEmitter.emit (events.js:98:17)
29 verbose stack     at Request.<anonymous> (/usr/local/lib/node_modules/npm/node_modules/request/request.js:1146:14)
29 verbose stack     at Request.EventEmitter.emit (events.js:117:20)
29 verbose stack     at IncomingMessage.<anonymous> (/usr/local/lib/node_modules/npm/node_modules/request/request.js:1097:12)
29 verbose stack     at IncomingMessage.EventEmitter.emit (events.js:117:20)
29 verbose stack     at _stream_readable.js:920:16
29 verbose stack     at process._tickCallback (node.js:415:13)
30 verbose statusCode 403
31 verbose pkgid styler
32 verbose cwd /Users/jasongornall/Desktop/JasonExperiments/stylushelper
33 error Darwin 13.3.0
34 error argv "node" "/usr/local/bin/npm" "publish"
35 error node v0.10.26
36 error npm  v2.1.1
37 error code E403
38 error forbidden user: jasongornall not authorized to modify styler
38 error Changed: description "CSS/Stylus live editor" -> "Stylus tools to help with development"
38 error Changed: dist-tags.latest "0.0.14" -> "1.0.0"
38 error Added: versions.1.0.0
38 error Changed: readme "Web based tool for rapid stylesheet development with live preview and debug information.\u000a\u000a\u000a![Styler screenshot](https://dl.dropbox.com/u/25033309/styler_screenshot.png \"Styler screenshot\")\u000a\u000a\u000aIntroduction video from LxJS: <http://www.youtube.com/watch?v=2VSU4gjxYpU>\u000a\u000a\u000a### Installation\u000a\u000a```\u000a[sudo] npm install -g styler\u000astyler --help\u000astyler\u000a```\u000a\u000a### Getting started\u000a\u000aOnce you have Styler running you need to connect your own webpage to it. Follow the directions on the Styler frontpage to do that.\u000a\u000aIf your connecting to the site for the first time you need to make a new project for it.\u000a\u000a**Base URL**\u000a\u000aDefines what pages are part of the project. You would usually want to set it to the domain name you are using so that all the subpages also work.\u000a\u000a**Source locations**\u000a\u000aMappings between the URLs you page is using and the folders from your hard drive containing the source files. You have to make sure they are in the right level. For example if your URL is `http://mydomain.com/css/` it matches the path `/path/to/my/app/public_dir/css` and if the URL is just `http://mydomain.com/` it means matching path is `/path/to/my/app/public_dir`.\u000a\u000aAll paths are automatically validated. If you see green checkmarks you have probably found the correct folder.\u000a\u000aIf you want Styler to automatically create source files based on the stylesheets it sees on the page set the Source folder to an empty directory.\u000a\u000a### Tutorials\u000a\u000a[Live preview in iOS/Android](https://github.com/tonistiigi/styler/issues/13)\u000a\u000aMore tutorials and a list of features are on the way. If you get into trouble start a new issue.\u000a\u000a\u000a### Command line options\u000a\u000a**allowed** - For security reasons by default Styler only allows local connections. If you want to allow other computers to connect(either as clients or controllers) you must list their IPs(or wildcards) in here.\u000a\u000a**root** - Styler can't access files outside this directory. Defaults to `/` or primary hard drive on Windows.\u000a\u000a**port** - Server port. Defaults to `5100`.\u000a\u000a**log** - One of debug, info, notice, warning, error. Defaults to `info`.\u000a\u000a**nologfile** - Switches off writing debug log files. These logs will be never sent but they may be useful if you want to report (crashing) bugs.\u000a\u000a**reset** - Clear all previous projects info and configuration.\u000a\u000a**pfx** - Directory where the configuration is saved/loaded. Defaults to your user directory.\u000a\u000a\u000a### Building from source:\u000a\u000a```\u000agit clone https://github.com/tonistiigi/styler.git styler\u000acd styler\u000agit submodule update --init --recursive\u000anpm install\u000alib/backend/styler --help\u000alib/backend/styler\u000a```\u000a\u000a" -> "ERROR: No README data found!"
38 error Changed: time.modified "2014-03-24T13:58:31.155Z" -> "2014-10-06T03:42:17.410Z"
38 error Added: time.1.0.0
38 error Changed: author.name "Tõnis Tiigi" -> "Jason Gornall"
38 error Added: author.email
38 error Changed: repository.url "https://github.com/tonistiigi/styler.git" -> "git://github.com/lessthan3/dobi.git"
38 error Changed: homepage "https://github.com/tonistiigi/styler" -> "http://www.dobi.io"
38 error Changed: bugs.url "https://github.com/tonistiigi/styler/issues" -> "https://github.com/lessthan3/dobi/issues"
38 error Added: bugs.email
38 error Added: keywords
38 error Added: _attachments: styler
39 error If you need help, you may report this error at:
39 error     <http://github.com/npm/npm/issues>
40 verbose exit [ 1, true ]
